#
# A fatal error has been detected by the Java Runtime Environment:
#
#  Internal Error (generateOopMap.cpp:2164), pid=21952, tid=23440
#  fatal error: Illegal class file encountered. Try running with -Xverify:all in method getBooks
#
# JRE version: OpenJDK Runtime Environment (16.0.1+9) (build 16.0.1+9-24)
# Java VM: OpenJDK 64-Bit Server VM (16.0.1+9-24, mixed mode, tiered, compressed oops, compressed class ptrs, g1 gc, windows-amd64)
# No core dump will be written. Minidumps are not enabled by default on client versions of Windows
#
# If you would like to submit a bug report, please visit:
#   https://bugreport.java.com/bugreport/crash.jsp
#

---------------  S U M M A R Y ------------

Command Line: -XX:+ShowCodeDetailsInExceptionMessages -agentlib:jdwp=transport=dt_socket,suspend=y,address=localhost:50223 -javaagent:C:\dev\sts-4.11.0.RELEASE\configuration\org.eclipse.osgi\258\0\.cp\lib\javaagent-shaded.jar -Dfile.encoding=UTF-8 com.ibm.library.service.testing

Host: Intel(R) Core(TM) i7-8565U CPU @ 1.80GHz, 8 cores, 31G,  Windows 10 , 64 bit Build 19041 (10.0.19041.1023)
Time: Mon Jul 19 08:25:17 2021 Central Daylight Time elapsed time: 53910.723214 seconds (0d 14h 58m 30s)

---------------  T H R E A D  ---------------

Current thread (0x000002103b074de0):  VMThread "VM Thread" [stack: 0x00000073d0e00000,0x00000073d0f00000] [id=23440]

Stack: [0x00000073d0e00000,0x00000073d0f00000]
Native frames: (J=compiled Java code, j=interpreted, Vv=VM code, C=native code)
V  [jvm.dll+0x6687ca]
V  [jvm.dll+0x7ca3c9]
V  [jvm.dll+0x7cbb53]
V  [jvm.dll+0x7cc167]
V  [jvm.dll+0x242c03]
V  [jvm.dll+0x3312e9]
V  [jvm.dll+0x32f174]
V  [jvm.dll+0x32fd1e]
V  [jvm.dll+0x32d39f]
V  [jvm.dll+0x32c627]
V  [jvm.dll+0x6572ce]
V  [jvm.dll+0x656fd3]
V  [jvm.dll+0x61c848]
V  [jvm.dll+0x7c1e55]
V  [jvm.dll+0x520b76]
V  [jvm.dll+0x7d05eb]
V  [jvm.dll+0x7d12e4]
V  [jvm.dll+0x7d17e9]
V  [jvm.dll+0x7d1aa4]
V  [jvm.dll+0x7d1b70]
V  [jvm.dll+0x779b4a]
V  [jvm.dll+0x667666]
C  [ucrtbase.dll+0x21bb2]
C  [KERNEL32.DLL+0x17034]
C  [ntdll.dll+0x52651]

VM_Operation (0x00000073d19ff2c0): get/set locals, mode: safepoint, requested by thread 0x000002103b3e3670


---------------  P R O C E S S  ---------------

Threads class SMR info:
_java_thread_list=0x000002103b3327d0, length=15, elements={
0x0000021012535d00, 0x000002103b08a020, 0x000002103b08ac20, 0x000002103b0b8270,
0x000002103b0b8d80, 0x000002103b0bcca0, 0x000002103b0cb1d0, 0x000002103b0cc720,
0x000002103b0cd160, 0x000002103b0e1ba0, 0x000002103b1f15b0, 0x000002103b3e3670,
0x000002103b369990, 0x000002103b369ed0, 0x000002103b3a0800
}

Java Threads: ( => current thread )
  0x0000021012535d00 JavaThread "main" [_thread_blocked, id=12024, stack(0x00000073d0800000,0x00000073d0900000)]
  0x000002103b08a020 JavaThread "Reference Handler" daemon [_thread_blocked, id=24932, stack(0x00000073d0f00000,0x00000073d1000000)]
  0x000002103b08ac20 JavaThread "Finalizer" daemon [_thread_blocked, id=22952, stack(0x00000073d1000000,0x00000073d1100000)]
  0x000002103b0b8270 JavaThread "Signal Dispatcher" daemon [_thread_blocked, id=14648, stack(0x00000073d1100000,0x00000073d1200000)]
  0x000002103b0b8d80 JavaThread "Attach Listener" daemon [_thread_blocked, id=13172, stack(0x00000073d1200000,0x00000073d1300000)]
  0x000002103b0bcca0 JavaThread "Service Thread" daemon [_thread_blocked, id=25724, stack(0x00000073d1300000,0x00000073d1400000)]
  0x000002103b0cb1d0 JavaThread "Monitor Deflation Thread" daemon [_thread_blocked, id=26440, stack(0x00000073d1400000,0x00000073d1500000)]
  0x000002103b0cc720 JavaThread "C2 CompilerThread0" daemon [_thread_blocked, id=17984, stack(0x00000073d1500000,0x00000073d1600000)]
  0x000002103b0cd160 JavaThread "C1 CompilerThread0" daemon [_thread_blocked, id=26796, stack(0x00000073d1600000,0x00000073d1700000)]
  0x000002103b0e1ba0 JavaThread "Sweeper thread" daemon [_thread_blocked, id=21632, stack(0x00000073d1700000,0x00000073d1800000)]
  0x000002103b1f15b0 JavaThread "Common-Cleaner" daemon [_thread_blocked, id=22028, stack(0x00000073d1800000,0x00000073d1900000)]
  0x000002103b3e3670 JavaThread "JDWP Transport Listener: dt_socket" daemon [_thread_blocked, id=24716, stack(0x00000073d1900000,0x00000073d1a00000)]
  0x000002103b369990 JavaThread "JDWP Event Helper Thread" daemon [_thread_blocked, id=8436, stack(0x00000073d1a00000,0x00000073d1b00000)]
  0x000002103b369ed0 JavaThread "JDWP Command Reader" daemon [_thread_in_native, id=28232, stack(0x00000073d1b00000,0x00000073d1c00000)]
  0x000002103b3a0800 JavaThread "Notification Thread" daemon [_thread_blocked, id=24856, stack(0x00000073d1e00000,0x00000073d1f00000)]

Other Threads:
=>0x000002103b074de0 VMThread "VM Thread" [stack: 0x00000073d0e00000,0x00000073d0f00000] [id=23440]
  0x000002103b830410 WatcherThread [stack: 0x00000073d1f00000,0x00000073d2000000] [id=4452]
  0x00000210125aae30 GCTaskThread "GC Thread#0" [stack: 0x00000073d0900000,0x00000073d0a00000] [id=25200]
  0x00000210125fb010 ConcurrentGCThread "G1 Main Marker" [stack: 0x00000073d0a00000,0x00000073d0b00000] [id=21064]
  0x00000210125fcb10 ConcurrentGCThread "G1 Conc#0" [stack: 0x00000073d0b00000,0x00000073d0c00000] [id=22828]
  0x0000021039fcb0c0 ConcurrentGCThread "G1 Refine#0" [stack: 0x00000073d0c00000,0x00000073d0d00000] [id=16940]
  0x0000021039fccdf0 ConcurrentGCThread "G1 Service" [stack: 0x00000073d0d00000,0x00000073d0e00000] [id=26520]

Threads with active compile tasks:

VM state: at safepoint (normal execution)

VM Mutex/Monitor currently owned by a thread:  ([mutex/lock_event])
[0x0000021012531c90] Threads_lock - owner thread: 0x000002103b074de0

Heap address: 0x0000000603c00000, size: 8132 MB, Compressed Oops mode: Zero based, Oop shift amount: 3

CDS disabled.
Compressed class space mapped at: 0x0000000800000000-0x0000000840000000, reserved size: 1073741824
Narrow klass base: 0x0000000800000000, Narrow klass shift: 0, Narrow klass range: 0x40000000

GC Precious Log:
 CPUs: 8 total, 8 available
 Memory: 32515M
 Large Page Support: Disabled
 NUMA Support: Disabled
 Compressed Oops: Enabled (Zero based)
 Heap Region Size: 4M
 Heap Min Capacity: 8M
 Heap Initial Capacity: 512M
 Heap Max Capacity: 8132M
 Pre-touch: Disabled
 Parallel Workers: 8
 Concurrent Workers: 2
 Concurrent Refinement Workers: 8
 Periodic GC: Disabled

Heap:
 garbage-first heap   total 524288K, used 4096K [0x0000000603c00000, 0x0000000800000000)
  region size 4096K, 3 young (12288K), 0 survivors (0K)
 Metaspace       used 10014K, committed 10176K, reserved 1064960K
  class space    used 858K, committed 960K, reserved 1048576K

Heap Regions: E=young(eden), S=young(survivor), O=old, HS=humongous(starts), HC=humongous(continues), CS=collection set, F=free, OA=open archive, CA=closed archive, TAMS=top-at-mark-start (previous, next)
|   0|0x0000000603c00000, 0x0000000603c00000, 0x0000000604000000|  0%| F|  |TAMS 0x0000000603c00000, 0x0000000603c00000| Untracked 
|   1|0x0000000604000000, 0x0000000604000000, 0x0000000604400000|  0%| F|  |TAMS 0x0000000604000000, 0x0000000604000000| Untracked 
|   2|0x0000000604400000, 0x0000000604400000, 0x0000000604800000|  0%| F|  |TAMS 0x0000000604400000, 0x0000000604400000| Untracked 
|   3|0x0000000604800000, 0x0000000604800000, 0x0000000604c00000|  0%| F|  |TAMS 0x0000000604800000, 0x0000000604800000| Untracked 
|   4|0x0000000604c00000, 0x0000000604c00000, 0x0000000605000000|  0%| F|  |TAMS 0x0000000604c00000, 0x0000000604c00000| Untracked 
|   5|0x0000000605000000, 0x0000000605000000, 0x0000000605400000|  0%| F|  |TAMS 0x0000000605000000, 0x0000000605000000| Untracked 
|   6|0x0000000605400000, 0x0000000605400000, 0x0000000605800000|  0%| F|  |TAMS 0x0000000605400000, 0x0000000605400000| Untracked 
|   7|0x0000000605800000, 0x0000000605800000, 0x0000000605c00000|  0%| F|  |TAMS 0x0000000605800000, 0x0000000605800000| Untracked 
|   8|0x0000000605c00000, 0x0000000605c00000, 0x0000000606000000|  0%| F|  |TAMS 0x0000000605c00000, 0x0000000605c00000| Untracked 
|   9|0x0000000606000000, 0x0000000606000000, 0x0000000606400000|  0%| F|  |TAMS 0x0000000606000000, 0x0000000606000000| Untracked 
|  10|0x0000000606400000, 0x0000000606400000, 0x0000000606800000|  0%| F|  |TAMS 0x0000000606400000, 0x0000000606400000| Untracked 
|  11|0x0000000606800000, 0x0000000606800000, 0x0000000606c00000|  0%| F|  |TAMS 0x0000000606800000, 0x0000000606800000| Untracked 
|  12|0x0000000606c00000, 0x0000000606c00000, 0x0000000607000000|  0%| F|  |TAMS 0x0000000606c00000, 0x0000000606c00000| Untracked 
|  13|0x0000000607000000, 0x0000000607000000, 0x0000000607400000|  0%| F|  |TAMS 0x0000000607000000, 0x0000000607000000| Untracked 
|  14|0x0000000607400000, 0x0000000607400000, 0x0000000607800000|  0%| F|  |TAMS 0x0000000607400000, 0x0000000607400000| Untracked 
|  15|0x0000000607800000, 0x0000000607800000, 0x0000000607c00000|  0%| F|  |TAMS 0x0000000607800000, 0x0000000607800000| Untracked 
|  16|0x0000000607c00000, 0x0000000607c00000, 0x0000000608000000|  0%| F|  |TAMS 0x0000000607c00000, 0x0000000607c00000| Untracked 
|  17|0x0000000608000000, 0x0000000608000000, 0x0000000608400000|  0%| F|  |TAMS 0x0000000608000000, 0x0000000608000000| Untracked 
|  18|0x0000000608400000, 0x0000000608400000, 0x0000000608800000|  0%| F|  |TAMS 0x0000000608400000, 0x0000000608400000| Untracked 
|  19|0x0000000608800000, 0x0000000608800000, 0x0000000608c00000|  0%| F|  |TAMS 0x0000000608800000, 0x0000000608800000| Untracked 
|  20|0x0000000608c00000, 0x0000000608c00000, 0x0000000609000000|  0%| F|  |TAMS 0x0000000608c00000, 0x0000000608c00000| Untracked 
|  21|0x0000000609000000, 0x0000000609000000, 0x0000000609400000|  0%| F|  |TAMS 0x0000000609000000, 0x0000000609000000| Untracked 
|  22|0x0000000609400000, 0x0000000609400000, 0x0000000609800000|  0%| F|  |TAMS 0x0000000609400000, 0x0000000609400000| Untracked 
|  23|0x0000000609800000, 0x0000000609800000, 0x0000000609c00000|  0%| F|  |TAMS 0x0000000609800000, 0x0000000609800000| Untracked 
|  24|0x0000000609c00000, 0x0000000609c00000, 0x000000060a000000|  0%| F|  |TAMS 0x0000000609c00000, 0x0000000609c00000| Untracked 
|  25|0x000000060a000000, 0x000000060a000000, 0x000000060a400000|  0%| F|  |TAMS 0x000000060a000000, 0x000000060a000000| Untracked 
|  26|0x000000060a400000, 0x000000060a400000, 0x000000060a800000|  0%| F|  |TAMS 0x000000060a400000, 0x000000060a400000| Untracked 
|  27|0x000000060a800000, 0x000000060a800000, 0x000000060ac00000|  0%| F|  |TAMS 0x000000060a800000, 0x000000060a800000| Untracked 
|  28|0x000000060ac00000, 0x000000060ac00000, 0x000000060b000000|  0%| F|  |TAMS 0x000000060ac00000, 0x000000060ac00000| Untracked 
|  29|0x000000060b000000, 0x000000060b000000, 0x000000060b400000|  0%| F|  |TAMS 0x000000060b000000, 0x000000060b000000| Untracked 
|  30|0x000000060b400000, 0x000000060b400000, 0x000000060b800000|  0%| F|  |TAMS 0x000000060b400000, 0x000000060b400000| Untracked 
|  31|0x000000060b800000, 0x000000060b800000, 0x000000060bc00000|  0%| F|  |TAMS 0x000000060b800000, 0x000000060b800000| Untracked 
|  32|0x000000060bc00000, 0x000000060bc00000, 0x000000060c000000|  0%| F|  |TAMS 0x000000060bc00000, 0x000000060bc00000| Untracked 
|  33|0x000000060c000000, 0x000000060c000000, 0x000000060c400000|  0%| F|  |TAMS 0x000000060c000000, 0x000000060c000000| Untracked 
|  34|0x000000060c400000, 0x000000060c400000, 0x000000060c800000|  0%| F|  |TAMS 0x000000060c400000, 0x000000060c400000| Untracked 
|  35|0x000000060c800000, 0x000000060c800000, 0x000000060cc00000|  0%| F|  |TAMS 0x000000060c800000, 0x000000060c800000| Untracked 
|  36|0x000000060cc00000, 0x000000060cc00000, 0x000000060d000000|  0%| F|  |TAMS 0x000000060cc00000, 0x000000060cc00000| Untracked 
|  37|0x000000060d000000, 0x000000060d000000, 0x000000060d400000|  0%| F|  |TAMS 0x000000060d000000, 0x000000060d000000| Untracked 
|  38|0x000000060d400000, 0x000000060d400000, 0x000000060d800000|  0%| F|  |TAMS 0x000000060d400000, 0x000000060d400000| Untracked 
|  39|0x000000060d800000, 0x000000060d800000, 0x000000060dc00000|  0%| F|  |TAMS 0x000000060d800000, 0x000000060d800000| Untracked 
|  40|0x000000060dc00000, 0x000000060dc00000, 0x000000060e000000|  0%| F|  |TAMS 0x000000060dc00000, 0x000000060dc00000| Untracked 
|  41|0x000000060e000000, 0x000000060e000000, 0x000000060e400000|  0%| F|  |TAMS 0x000000060e000000, 0x000000060e000000| Untracked 
|  42|0x000000060e400000, 0x000000060e400000, 0x000000060e800000|  0%| F|  |TAMS 0x000000060e400000, 0x000000060e400000| Untracked 
|  43|0x000000060e800000, 0x000000060e800000, 0x000000060ec00000|  0%| F|  |TAMS 0x000000060e800000, 0x000000060e800000| Untracked 
|  44|0x000000060ec00000, 0x000000060ec00000, 0x000000060f000000|  0%| F|  |TAMS 0x000000060ec00000, 0x000000060ec00000| Untracked 
|  45|0x000000060f000000, 0x000000060f000000, 0x000000060f400000|  0%| F|  |TAMS 0x000000060f000000, 0x000000060f000000| Untracked 
|  46|0x000000060f400000, 0x000000060f400000, 0x000000060f800000|  0%| F|  |TAMS 0x000000060f400000, 0x000000060f400000| Untracked 
|  47|0x000000060f800000, 0x000000060f800000, 0x000000060fc00000|  0%| F|  |TAMS 0x000000060f800000, 0x000000060f800000| Untracked 
|  48|0x000000060fc00000, 0x000000060fc00000, 0x0000000610000000|  0%| F|  |TAMS 0x000000060fc00000, 0x000000060fc00000| Untracked 
|  49|0x0000000610000000, 0x0000000610000000, 0x0000000610400000|  0%| F|  |TAMS 0x0000000610000000, 0x0000000610000000| Untracked 
|  50|0x0000000610400000, 0x0000000610400000, 0x0000000610800000|  0%| F|  |TAMS 0x0000000610400000, 0x0000000610400000| Untracked 
|  51|0x0000000610800000, 0x0000000610800000, 0x0000000610c00000|  0%| F|  |TAMS 0x0000000610800000, 0x0000000610800000| Untracked 
|  52|0x0000000610c00000, 0x0000000610c00000, 0x0000000611000000|  0%| F|  |TAMS 0x0000000610c00000, 0x0000000610c00000| Untracked 
|  53|0x0000000611000000, 0x0000000611000000, 0x0000000611400000|  0%| F|  |TAMS 0x0000000611000000, 0x0000000611000000| Untracked 
|  54|0x0000000611400000, 0x0000000611400000, 0x0000000611800000|  0%| F|  |TAMS 0x0000000611400000, 0x0000000611400000| Untracked 
|  55|0x0000000611800000, 0x0000000611800000, 0x0000000611c00000|  0%| F|  |TAMS 0x0000000611800000, 0x0000000611800000| Untracked 
|  56|0x0000000611c00000, 0x0000000611c00000, 0x0000000612000000|  0%| F|  |TAMS 0x0000000611c00000, 0x0000000611c00000| Untracked 
|  57|0x0000000612000000, 0x0000000612000000, 0x0000000612400000|  0%| F|  |TAMS 0x0000000612000000, 0x0000000612000000| Untracked 
|  58|0x0000000612400000, 0x0000000612400000, 0x0000000612800000|  0%| F|  |TAMS 0x0000000612400000, 0x0000000612400000| Untracked 
|  59|0x0000000612800000, 0x0000000612800000, 0x0000000612c00000|  0%| F|  |TAMS 0x0000000612800000, 0x0000000612800000| Untracked 
|  60|0x0000000612c00000, 0x0000000612c00000, 0x0000000613000000|  0%| F|  |TAMS 0x0000000612c00000, 0x0000000612c00000| Untracked 
|  61|0x0000000613000000, 0x0000000613000000, 0x0000000613400000|  0%| F|  |TAMS 0x0000000613000000, 0x0000000613000000| Untracked 
|  62|0x0000000613400000, 0x0000000613400000, 0x0000000613800000|  0%| F|  |TAMS 0x0000000613400000, 0x0000000613400000| Untracked 
|  63|0x0000000613800000, 0x0000000613800000, 0x0000000613c00000|  0%| F|  |TAMS 0x0000000613800000, 0x0000000613800000| Untracked 
|  64|0x0000000613c00000, 0x0000000613c00000, 0x0000000614000000|  0%| F|  |TAMS 0x0000000613c00000, 0x0000000613c00000| Untracked 
|  65|0x0000000614000000, 0x0000000614000000, 0x0000000614400000|  0%| F|  |TAMS 0x0000000614000000, 0x0000000614000000| Untracked 
|  66|0x0000000614400000, 0x0000000614400000, 0x0000000614800000|  0%| F|  |TAMS 0x0000000614400000, 0x0000000614400000| Untracked 
|  67|0x0000000614800000, 0x0000000614800000, 0x0000000614c00000|  0%| F|  |TAMS 0x0000000614800000, 0x0000000614800000| Untracked 
|  68|0x0000000614c00000, 0x0000000614c00000, 0x0000000615000000|  0%| F|  |TAMS 0x0000000614c00000, 0x0000000614c00000| Untracked 
|  69|0x0000000615000000, 0x0000000615000000, 0x0000000615400000|  0%| F|  |TAMS 0x0000000615000000, 0x0000000615000000| Untracked 
|  70|0x0000000615400000, 0x0000000615400000, 0x0000000615800000|  0%| F|  |TAMS 0x0000000615400000, 0x0000000615400000| Untracked 
|  71|0x0000000615800000, 0x0000000615800000, 0x0000000615c00000|  0%| F|  |TAMS 0x0000000615800000, 0x0000000615800000| Untracked 
|  72|0x0000000615c00000, 0x0000000615c00000, 0x0000000616000000|  0%| F|  |TAMS 0x0000000615c00000, 0x0000000615c00000| Untracked 
|  73|0x0000000616000000, 0x0000000616000000, 0x0000000616400000|  0%| F|  |TAMS 0x0000000616000000, 0x0000000616000000| Untracked 
|  74|0x0000000616400000, 0x0000000616400000, 0x0000000616800000|  0%| F|  |TAMS 0x0000000616400000, 0x0000000616400000| Untracked 
|  75|0x0000000616800000, 0x0000000616800000, 0x0000000616c00000|  0%| F|  |TAMS 0x0000000616800000, 0x0000000616800000| Untracked 
|  76|0x0000000616c00000, 0x0000000616c00000, 0x0000000617000000|  0%| F|  |TAMS 0x0000000616c00000, 0x0000000616c00000| Untracked 
|  77|0x0000000617000000, 0x0000000617000000, 0x0000000617400000|  0%| F|  |TAMS 0x0000000617000000, 0x0000000617000000| Untracked 
|  78|0x0000000617400000, 0x0000000617400000, 0x0000000617800000|  0%| F|  |TAMS 0x0000000617400000, 0x0000000617400000| Untracked 
|  79|0x0000000617800000, 0x0000000617800000, 0x0000000617c00000|  0%| F|  |TAMS 0x0000000617800000, 0x0000000617800000| Untracked 
|  80|0x0000000617c00000, 0x0000000617c00000, 0x0000000618000000|  0%| F|  |TAMS 0x0000000617c00000, 0x0000000617c00000| Untracked 
|  81|0x0000000618000000, 0x0000000618000000, 0x0000000618400000|  0%| F|  |TAMS 0x0000000618000000, 0x0000000618000000| Untracked 
|  82|0x0000000618400000, 0x0000000618400000, 0x0000000618800000|  0%| F|  |TAMS 0x0000000618400000, 0x0000000618400000| Untracked 
|  83|0x0000000618800000, 0x0000000618800000, 0x0000000618c00000|  0%| F|  |TAMS 0x0000000618800000, 0x0000000618800000| Untracked 
|  84|0x0000000618c00000, 0x0000000618c00000, 0x0000000619000000|  0%| F|  |TAMS 0x0000000618c00000, 0x0000000618c00000| Untracked 
|  85|0x0000000619000000, 0x0000000619000000, 0x0000000619400000|  0%| F|  |TAMS 0x0000000619000000, 0x0000000619000000| Untracked 
|  86|0x0000000619400000, 0x0000000619400000, 0x0000000619800000|  0%| F|  |TAMS 0x0000000619400000, 0x0000000619400000| Untracked 
|  87|0x0000000619800000, 0x0000000619800000, 0x0000000619c00000|  0%| F|  |TAMS 0x0000000619800000, 0x0000000619800000| Untracked 
|  88|0x0000000619c00000, 0x0000000619c00000, 0x000000061a000000|  0%| F|  |TAMS 0x0000000619c00000, 0x0000000619c00000| Untracked 
|  89|0x000000061a000000, 0x000000061a000000, 0x000000061a400000|  0%| F|  |TAMS 0x000000061a000000, 0x000000061a000000| Untracked 
|  90|0x000000061a400000, 0x000000061a400000, 0x000000061a800000|  0%| F|  |TAMS 0x000000061a400000, 0x000000061a400000| Untracked 
|  91|0x000000061a800000, 0x000000061a800000, 0x000000061ac00000|  0%| F|  |TAMS 0x000000061a800000, 0x000000061a800000| Untracked 
|  92|0x000000061ac00000, 0x000000061ac00000, 0x000000061b000000|  0%| F|  |TAMS 0x000000061ac00000, 0x000000061ac00000| Untracked 
|  93|0x000000061b000000, 0x000000061b000000, 0x000000061b400000|  0%| F|  |TAMS 0x000000061b000000, 0x000000061b000000| Untracked 
|  94|0x000000061b400000, 0x000000061b400000, 0x000000061b800000|  0%| F|  |TAMS 0x000000061b400000, 0x000000061b400000| Untracked 
|  95|0x000000061b800000, 0x000000061b800000, 0x000000061bc00000|  0%| F|  |TAMS 0x000000061b800000, 0x000000061b800000| Untracked 
|  96|0x000000061bc00000, 0x000000061bc00000, 0x000000061c000000|  0%| F|  |TAMS 0x000000061bc00000, 0x000000061bc00000| Untracked 
|  97|0x000000061c000000, 0x000000061c000000, 0x000000061c400000|  0%| F|  |TAMS 0x000000061c000000, 0x000000061c000000| Untracked 
|  98|0x000000061c400000, 0x000000061c400000, 0x000000061c800000|  0%| F|  |TAMS 0x000000061c400000, 0x000000061c400000| Untracked 
|  99|0x000000061c800000, 0x000000061c800000, 0x000000061cc00000|  0%| F|  |TAMS 0x000000061c800000, 0x000000061c800000| Untracked 
| 100|0x000000061cc00000, 0x000000061cc00000, 0x000000061d000000|  0%| F|  |TAMS 0x000000061cc00000, 0x000000061cc00000| Untracked 
| 101|0x000000061d000000, 0x000000061d000000, 0x000000061d400000|  0%| F|  |TAMS 0x000000061d000000, 0x000000061d000000| Untracked 
| 102|0x000000061d400000, 0x000000061d400000, 0x000000061d800000|  0%| F|  |TAMS 0x000000061d400000, 0x000000061d400000| Untracked 
| 103|0x000000061d800000, 0x000000061d800000, 0x000000061dc00000|  0%| F|  |TAMS 0x000000061d800000, 0x000000061d800000| Untracked 
| 104|0x000000061dc00000, 0x000000061dc00000, 0x000000061e000000|  0%| F|  |TAMS 0x000000061dc00000, 0x000000061dc00000| Untracked 
| 105|0x000000061e000000, 0x000000061e000000, 0x000000061e400000|  0%| F|  |TAMS 0x000000061e000000, 0x000000061e000000| Untracked 
| 106|0x000000061e400000, 0x000000061e400000, 0x000000061e800000|  0%| F|  |TAMS 0x000000061e400000, 0x000000061e400000| Untracked 
| 107|0x000000061e800000, 0x000000061e800000, 0x000000061ec00000|  0%| F|  |TAMS 0x000000061e800000, 0x000000061e800000| Untracked 
| 108|0x000000061ec00000, 0x000000061ec00000, 0x000000061f000000|  0%| F|  |TAMS 0x000000061ec00000, 0x000000061ec00000| Untracked 
| 109|0x000000061f000000, 0x000000061f000000, 0x000000061f400000|  0%| F|  |TAMS 0x000000061f000000, 0x000000061f000000| Untracked 
| 110|0x000000061f400000, 0x000000061f400000, 0x000000061f800000|  0%| F|  |TAMS 0x000000061f400000, 0x000000061f400000| Untracked 
| 111|0x000000061f800000, 0x000000061f800000, 0x000000061fc00000|  0%| F|  |TAMS 0x000000061f800000, 0x000000061f800000| Untracked 
| 112|0x000000061fc00000, 0x000000061fc00000, 0x0000000620000000|  0%| F|  |TAMS 0x000000061fc00000, 0x000000061fc00000| Untracked 
| 113|0x0000000620000000, 0x0000000620000000, 0x0000000620400000|  0%| F|  |TAMS 0x0000000620000000, 0x0000000620000000| Untracked 
| 114|0x0000000620400000, 0x0000000620400000, 0x0000000620800000|  0%| F|  |TAMS 0x0000000620400000, 0x0000000620400000| Untracked 
| 115|0x0000000620800000, 0x0000000620800000, 0x0000000620c00000|  0%| F|  |TAMS 0x0000000620800000, 0x0000000620800000| Untracked 
| 116|0x0000000620c00000, 0x0000000620c00000, 0x0000000621000000|  0%| F|  |TAMS 0x0000000620c00000, 0x0000000620c00000| Untracked 
| 117|0x0000000621000000, 0x0000000621000000, 0x0000000621400000|  0%| F|  |TAMS 0x0000000621000000, 0x0000000621000000| Untracked 
| 118|0x0000000621400000, 0x0000000621400000, 0x0000000621800000|  0%| F|  |TAMS 0x0000000621400000, 0x0000000621400000| Untracked 
| 119|0x0000000621800000, 0x0000000621800000, 0x0000000621c00000|  0%| F|  |TAMS 0x0000000621800000, 0x0000000621800000| Untracked 
| 120|0x0000000621c00000, 0x0000000621c00000, 0x0000000622000000|  0%| F|  |TAMS 0x0000000621c00000, 0x0000000621c00000| Untracked 
| 121|0x0000000622000000, 0x0000000622000000, 0x0000000622400000|  0%| F|  |TAMS 0x0000000622000000, 0x0000000622000000| Untracked 
| 122|0x0000000622400000, 0x0000000622400000, 0x0000000622800000|  0%| F|  |TAMS 0x0000000622400000, 0x0000000622400000| Untracked 
| 123|0x0000000622800000, 0x0000000622800000, 0x0000000622c00000|  0%| F|  |TAMS 0x0000000622800000, 0x0000000622800000| Untracked 
| 124|0x0000000622c00000, 0x0000000622c00000, 0x0000000623000000|  0%| F|  |TAMS 0x0000000622c00000, 0x0000000622c00000| Untracked 
| 125|0x0000000623000000, 0x0000000623183ef0, 0x0000000623400000| 37%| E|  |TAMS 0x0000000623000000, 0x0000000623000000| Complete 
| 126|0x0000000623400000, 0x0000000623800000, 0x0000000623800000|100%| E|CS|TAMS 0x0000000623400000, 0x0000000623400000| Complete 
| 127|0x0000000623800000, 0x0000000623c00000, 0x0000000623c00000|100%| E|  |TAMS 0x0000000623800000, 0x0000000623800000| Complete 

Card table byte_map: [0x0000021025dc0000,0x0000021026db0000] _byte_map_base: 0x0000021022da2000

Marking Bits (Prev, Next): (CMBitMap*) 0x00000210125ac4b0, (CMBitMap*) 0x00000210125ac4f0
 Prev Bits: [0x0000021027da0000, 0x000002102fcb0000)
 Next Bits: [0x000002102fcb0000, 0x0000021037bc0000)

Polling page: 0x00000210104c0000

Metaspace:

Usage:
  Non-class:      8.94 MB used.
      Class:    858.91 KB used.
       Both:      9.78 MB used.

Virtual space:
  Non-class space:       16.00 MB reserved,       9.00 MB ( 56%) committed,  2 nodes.
      Class space:        1.00 GB reserved,     960.00 KB ( <1%) committed,  1 nodes.
              Both:        1.02 GB reserved,       9.94 MB ( <1%) committed. 

Chunk freelists:
   Non-Class:  2.72 MB
       Class:  3.09 MB
        Both:  5.81 MB

MaxMetaspaceSize: 17179869184.00 GB
CompressedClassSpaceSize: 1.00 GB
 - commit_granule_bytes: 65536.
 - commit_granule_words: 8192.
 - virtual_space_node_default_size: 1048576.
 - enlarge_chunks_in_place: 1.
 - new_chunks_are_fully_committed: 0.
 - uncommit_free_chunks: 1.
 - use_allocation_guard: 0.
 - handle_deallocations: 1.


Internal statistics:

num_allocs_failed_limit: 0.
num_arena_births: 12.
num_arena_deaths: 0.
num_vsnodes_births: 3.
num_vsnodes_deaths: 0.
num_space_committed: 159.
num_space_uncommitted: 0.
num_chunks_returned_to_freelist: 0.
num_chunks_taken_from_freelist: 55.
num_chunk_merges: 0.
num_chunk_splits: 21.
num_chunks_enlarged: 13.
num_purges: 0.

CodeHeap 'non-profiled nmethods': size=120000Kb used=194Kb max_used=194Kb free=119806Kb
 bounds [0x000002101d570000, 0x000002101d7e0000, 0x0000021024aa0000]
CodeHeap 'profiled nmethods': size=120000Kb used=742Kb max_used=742Kb free=119257Kb
 bounds [0x0000021016040000, 0x00000210162b0000, 0x000002101d570000]
CodeHeap 'non-nmethods': size=5760Kb used=1201Kb max_used=1227Kb free=4558Kb
 bounds [0x0000021015aa0000, 0x0000021015d10000, 0x0000021016040000]
 total_blobs=954 nmethods=547 adapters=320
 compilation: enabled
              stopped_count=0, restarted_count=0
 full_count=0

Compilation events (20 events):
Event: 51098.290 Thread 0x000002103b0cd160  547       3       org.eclipse.jdt.launching.internal.org.objectweb.asm.ClassReader::readInt (52 bytes)
Event: 51098.291 Thread 0x000002103b0cc720  548       4       org.eclipse.jdt.launching.internal.org.objectweb.asm.ClassReader::readUtf (161 bytes)
Event: 51098.291 Thread 0x000002103b0cd160 nmethod 547 0x00000210160f8310 code [0x00000210160f84c0, 0x00000210160f8698]
Event: 51098.291 Thread 0x000002103b0cd160  549       3       org.eclipse.jdt.launching.internal.org.objectweb.asm.SymbolTable::addConstantMemberReference (29 bytes)
Event: 51098.295 Thread 0x000002103b0cd160 

Event: 51098.295 Thread 0x000002103b0cd160  550       3       org.eclipse.jdt.launching.internal.org.objectweb.asm.SymbolTable::hash (20 bytes)
Event: 51098.295 Thread 0x000002103b0cd160 nmethod 550 0x00000210160f8810 code [0x00000210160f89e0, 0x00000210160f8bc8]
Event: 51098.312 Thread 0x000002103b0cc720 

Event: 53769.998 Thread 0x000002103b0cc720  551       4       org.eclipse.jdt.launching.internal.org.objectweb.asm.ClassReader::readUtf (161 bytes)
Event: 53769.998 Thread 0x000002103b0cd160  553       3       org.eclipse.jdt.launching.internal.org.objectweb.asm.SymbolTable::addConstantNameAndType (28 bytes)
Event: 53769.999 Thread 0x000002103b0cd160 nmethod 553 0x00000210160f8d90 code [0x00000210160f8f80, 0x00000210160f92b8]
Event: 53769.999 Thread 0x000002103b0cd160  555       3       org.eclipse.jdt.launching.internal.org.objectweb.asm.SymbolTable::addConstantUtf8 (98 bytes)
Event: 53770.002 Thread 0x000002103b0cd160 

Event: 53770.002 Thread 0x000002103b0cd160  554       3       org.eclipse.jdt.launching.internal.org.objectweb.asm.SymbolTable::hash (15 bytes)
Event: 53770.002 Thread 0x000002103b0cd160 nmethod 554 0x00000210160f9510 code [0x00000210160f96c0, 0x00000210160f9858]
Event: 53770.013 Thread 0x000002103b0cc720 

Event: 53770.013 Thread 0x000002103b0cc720  552       4       org.eclipse.jdt.launching.internal.org.objectweb.asm.ClassReader::getItem (7 bytes)
Event: 53770.014 Thread 0x000002103b0cc720 nmethod 552 0x000002101d5a0190 code [0x000002101d5a0320, 0x000002101d5a0418]
Event: 53800.083 Thread 0x000002103b0cd160  556       1       org.eclipse.jdt.launching.internal.org.objectweb.asm.SymbolTable::getMajorVersion (5 bytes)
Event: 53800.083 Thread 0x000002103b0cd160 nmethod 556 0x000002101d5a0510 code [0x000002101d5a06a0, 0x000002101d5a0778]

GC Heap History (0 events):
No events

Deoptimization events (20 events):
Event: 0.535 Thread 0x0000021012535d00 DEOPT PACKING pc=0x00000210160bcb67 sp=0x00000073d08f7e80
Event: 0.535 Thread 0x0000021012535d00 DEOPT UNPACKING pc=0x0000021015aedece sp=0x00000073d08f72e8 mode 0
Event: 0.536 Thread 0x0000021012535d00 DEOPT PACKING pc=0x00000210160bcb67 sp=0x00000073d08f7e80
Event: 0.536 Thread 0x0000021012535d00 DEOPT UNPACKING pc=0x0000021015aedece sp=0x00000073d08f72e8 mode 0
Event: 0.536 Thread 0x0000021012535d00 DEOPT PACKING pc=0x00000210160bcb67 sp=0x00000073d08f7e80
Event: 0.536 Thread 0x0000021012535d00 DEOPT UNPACKING pc=0x0000021015aedece sp=0x00000073d08f72e8 mode 0
Event: 0.537 Thread 0x0000021012535d00 DEOPT PACKING pc=0x000002101607e09f sp=0x00000073d08f8150
Event: 0.537 Thread 0x0000021012535d00 DEOPT UNPACKING pc=0x0000021015aedece sp=0x00000073d08f75e8 mode 0
Event: 0.537 Thread 0x0000021012535d00 DEOPT PACKING pc=0x00000210160bcb67 sp=0x00000073d08f7e80
Event: 0.537 Thread 0x0000021012535d00 DEOPT UNPACKING pc=0x0000021015aedece sp=0x00000073d08f72e8 mode 0
Event: 0.538 Thread 0x0000021012535d00 DEOPT PACKING pc=0x00000210160bcb67 sp=0x00000073d08f7e80
Event: 0.538 Thread 0x0000021012535d00 DEOPT UNPACKING pc=0x0000021015aedece sp=0x00000073d08f72e8 mode 0
Event: 0.542 Thread 0x0000021012535d00 DEOPT PACKING pc=0x00000210160bcb67 sp=0x00000073d08fb8b0
Event: 0.542 Thread 0x0000021012535d00 DEOPT UNPACKING pc=0x0000021015aedece sp=0x00000073d08fad18 mode 0
Event: 0.542 Thread 0x0000021012535d00 DEOPT PACKING pc=0x00000210160bcb67 sp=0x00000073d08fb8b0
Event: 0.542 Thread 0x0000021012535d00 DEOPT UNPACKING pc=0x0000021015aedece sp=0x00000073d08fad18 mode 0
Event: 0.542 Thread 0x0000021012535d00 DEOPT PACKING pc=0x00000210160bcb67 sp=0x00000073d08fb8b0
Event: 0.542 Thread 0x0000021012535d00 DEOPT UNPACKING pc=0x0000021015aedece sp=0x00000073d08fad18 mode 0
Event: 0.544 Thread 0x0000021012535d00 DEOPT PACKING pc=0x00000210160bcb67 sp=0x00000073d08f7e00
Event: 0.544 Thread 0x0000021012535d00 DEOPT UNPACKING pc=0x0000021015aedece sp=0x00000073d08f7268 mode 0

Classes unloaded (0 events):
No events

Classes redefined (17 events):
Event: 1993.679 Thread 0x000002103b074de0 redefined class name=com.ibm.library.service.LibraryServiceImpl, count=1
Event: 1999.142 Thread 0x000002103b074de0 redefined class name=com.ibm.library.service.LibraryServiceImpl, count=2
Event: 2062.622 Thread 0x000002103b074de0 redefined class name=com.ibm.library.service.LibraryServiceImpl, count=3
Event: 2071.382 Thread 0x000002103b074de0 redefined class name=com.ibm.library.service.LibraryServiceImpl, count=4
Event: 2317.696 Thread 0x000002103b074de0 redefined class name=com.ibm.library.service.testing, count=1
Event: 2388.741 Thread 0x000002103b074de0 redefined class name=com.ibm.library.service.testing, count=2
Event: 2414.469 Thread 0x000002103b074de0 redefined class name=com.ibm.library.service.testing, count=3
Event: 4151.134 Thread 0x000002103b074de0 redefined class name=com.ibm.library.service.LibraryServiceImpl, count=5
Event: 4190.874 Thread 0x000002103b074de0 redefined class name=com.ibm.library.service.LibraryServiceImpl, count=6
Event: 4979.168 Thread 0x000002103b074de0 redefined class name=com.ibm.library.service.LibraryServiceImpl, count=7
Event: 5013.201 Thread 0x000002103b074de0 redefined class name=com.ibm.library.service.LibraryServiceImpl, count=8
Event: 5607.979 Thread 0x000002103b074de0 redefined class name=com.ibm.library.service.LibraryServiceImpl, count=9
Event: 51098.292 Thread 0x000002103b074de0 redefined class name=com.ibm.library.service.testing, count=4
Event: 51098.292 Thread 0x000002103b074de0 redefined class name=com.ibm.library.service.LibraryService, count=1
Event: 51098.292 Thread 0x000002103b074de0 redefined class name=com.ibm.library.service.LibraryServiceImpl, count=10
Event: 53770.000 Thread 0x000002103b074de0 redefined class name=com.ibm.library.service.LibraryServiceImpl, count=11
Event: 53800.084 Thread 0x000002103b074de0 redefined class name=com.ibm.library.service.LibraryServiceImpl, count=12

Internal exceptions (2 events):
Event: 0.514 Thread 0x0000021012535d00 Exception <a 'java/lang/NoSuchMethodError'{0x00000006236ec5d8}: 'java.lang.Object java.lang.invoke.DirectMethodHandle$Holder.invokeStatic(java.lang.Object)'> (0x00000006236ec5d8) 
thrown [t:\workspace\open\src\hotspot\share\interpreter\linkResolver.cpp, line 790]
Event: 0.555 Thread 0x0000021012535d00 Exception <a 'java/lang/NullPointerException'{0x00000006237dcd10}> (0x00000006237dcd10) 
thrown [t:\workspace\open\src\hotspot\share\interpreter\linkResolver.cpp, line 1468]

Events (20 events):
Event: 5013.205 Executing  VM operation: ChangeBreakpoints done
Event: 5607.978 Executing  VM operation: RedefineClasses
Event: 5607.981 Executing  VM operation: RedefineClasses done
Event: 5607.986 Executing  VM operation: ChangeBreakpoints
Event: 5607.986 Executing  VM operation: ChangeBreakpoints done
Event: 51098.291 Executing  VM operation: RedefineClasses
Event: 51098.295 Executing  VM operation: RedefineClasses done
Event: 51098.305 Executing  VM operation: ChangeBreakpoints
Event: 51098.305 Executing  VM operation: ChangeBreakpoints done
Event: 51098.312 Executing  VM operation: ChangeBreakpoints
Event: 51098.312 Executing  VM operation: ChangeBreakpoints done
Event: 53769.999 Executing  VM operation: RedefineClasses
Event: 53770.001 Executing  VM operation: RedefineClasses done
Event: 53770.006 Executing  VM operation: ChangeBreakpoints
Event: 53770.006 Executing  VM operation: ChangeBreakpoints done
Event: 53800.083 Executing  VM operation: RedefineClasses
Event: 53800.085 Executing  VM operation: RedefineClasses done
Event: 53800.089 Executing  VM operation: ChangeBreakpoints
Event: 53800.089 Executing  VM operation: ChangeBreakpoints done
Event: 53910.714 Executing  VM operation: get/set locals


Dynamic libraries:
0x00007ff733750000 - 0x00007ff73375e000 	C:\dev\sts-4.11.0.RELEASE\plugins\org.eclipse.justj.openjdk.hotspot.jre.full.win32.x86_64_16.0.1.v20210528-1205\jre\bin\javaw.exe
0x00007ffa13430000 - 0x00007ffa13625000 	C:\WINDOWS\SYSTEM32\ntdll.dll
0x00007ffa11ff0000 - 0x00007ffa120ad000 	C:\WINDOWS\System32\KERNEL32.DLL
0x00007ffa10bd0000 - 0x00007ffa10e99000 	C:\WINDOWS\System32\KERNELBASE.dll
0x00007ff9d6c90000 - 0x00007ff9d6ca8000 	C:\dev\sts-4.11.0.RELEASE\plugins\org.eclipse.justj.openjdk.hotspot.jre.full.win32.x86_64_16.0.1.v20210528-1205\jre\bin\jli.dll
0x00007ff9d6c70000 - 0x00007ff9d6c89000 	C:\dev\sts-4.11.0.RELEASE\plugins\org.eclipse.justj.openjdk.hotspot.jre.full.win32.x86_64_16.0.1.v20210528-1205\jre\bin\VCRUNTIME140.dll
0x00007ffa11290000 - 0x00007ffa11390000 	C:\WINDOWS\System32\ucrtbase.dll
0x00007ffa11970000 - 0x00007ffa11b10000 	C:\WINDOWS\System32\USER32.dll
0x00007ff9ee7d0000 - 0x00007ff9eea6a000 	C:\WINDOWS\WinSxS\amd64_microsoft.windows.common-controls_6595b64144ccf1df_6.0.19041.1110_none_60b5254171f9507e\COMCTL32.dll
0x00007ffa10ea0000 - 0x00007ffa10ec2000 	C:\WINDOWS\System32\win32u.dll
0x00007ffa115f0000 - 0x00007ffa1168e000 	C:\WINDOWS\System32\msvcrt.dll
0x00007ffa120b0000 - 0x00007ffa120da000 	C:\WINDOWS\System32\GDI32.dll
0x00007ffa11390000 - 0x00007ffa1149b000 	C:\WINDOWS\System32\gdi32full.dll
0x00007ffa11060000 - 0x00007ffa110fd000 	C:\WINDOWS\System32\msvcp_win.dll
0x00007ffa12b00000 - 0x00007ffa12b30000 	C:\WINDOWS\System32\IMM32.DLL
0x00007ff9d84d0000 - 0x00007ff9d84dc000 	C:\dev\sts-4.11.0.RELEASE\plugins\org.eclipse.justj.openjdk.hotspot.jre.full.win32.x86_64_16.0.1.v20210528-1205\jre\bin\vcruntime140_1.dll
0x00007ff9c9d30000 - 0x00007ff9c9dc1000 	C:\dev\sts-4.11.0.RELEASE\plugins\org.eclipse.justj.openjdk.hotspot.jre.full.win32.x86_64_16.0.1.v20210528-1205\jre\bin\msvcp140.dll
0x00007ff9c0980000 - 0x00007ff9c152b000 	C:\dev\sts-4.11.0.RELEASE\plugins\org.eclipse.justj.openjdk.hotspot.jre.full.win32.x86_64_16.0.1.v20210528-1205\jre\bin\server\jvm.dll
0x00007ffa12b30000 - 0x00007ffa12bdc000 	C:\WINDOWS\System32\ADVAPI32.dll
0x00007ffa11550000 - 0x00007ffa115eb000 	C:\WINDOWS\System32\sechost.dll
0x00007ffa12540000 - 0x00007ffa1266a000 	C:\WINDOWS\System32\RPCRT4.dll
0x00007ffa11690000 - 0x00007ffa11698000 	C:\WINDOWS\System32\PSAPI.DLL
0x00007ff9f27f0000 - 0x00007ff9f2817000 	C:\WINDOWS\SYSTEM32\WINMM.dll
0x00007ffa03f30000 - 0x00007ffa03f3a000 	C:\WINDOWS\SYSTEM32\VERSION.dll
0x00007ff9f1f30000 - 0x00007ff9f1f39000 	C:\WINDOWS\SYSTEM32\WSOCK32.dll
0x00007ffa126d0000 - 0x00007ffa1273b000 	C:\WINDOWS\System32\WS2_32.dll
0x00007ffa0e950000 - 0x00007ffa0e962000 	C:\WINDOWS\SYSTEM32\kernel.appcore.dll
0x00007ffa06f70000 - 0x00007ffa06f7a000 	C:\dev\sts-4.11.0.RELEASE\plugins\org.eclipse.justj.openjdk.hotspot.jre.full.win32.x86_64_16.0.1.v20210528-1205\jre\bin\jimage.dll
0x00007ffa0a990000 - 0x00007ffa0ab74000 	C:\WINDOWS\SYSTEM32\DBGHELP.DLL
0x00007ff9f27c0000 - 0x00007ff9f27ec000 	C:\WINDOWS\SYSTEM32\dbgcore.DLL
0x00007ffa10f20000 - 0x00007ffa10fa3000 	C:\WINDOWS\System32\bcryptPrimitives.dll
0x00007ff9dc490000 - 0x00007ff9dc4cb000 	C:\dev\sts-4.11.0.RELEASE\plugins\org.eclipse.justj.openjdk.hotspot.jre.full.win32.x86_64_16.0.1.v20210528-1205\jre\bin\jdwp.dll
0x00007ffa09c70000 - 0x00007ffa09c7e000 	C:\dev\sts-4.11.0.RELEASE\plugins\org.eclipse.justj.openjdk.hotspot.jre.full.win32.x86_64_16.0.1.v20210528-1205\jre\bin\instrument.dll
0x00007ff9e2250000 - 0x00007ff9e2275000 	C:\dev\sts-4.11.0.RELEASE\plugins\org.eclipse.justj.openjdk.hotspot.jre.full.win32.x86_64_16.0.1.v20210528-1205\jre\bin\java.dll
0x00007ff9f9850000 - 0x00007ff9f9868000 	C:\dev\sts-4.11.0.RELEASE\plugins\org.eclipse.justj.openjdk.hotspot.jre.full.win32.x86_64_16.0.1.v20210528-1205\jre\bin\zip.dll
0x00007ffa12cb0000 - 0x00007ffa133ef000 	C:\WINDOWS\System32\SHELL32.dll
0x00007ffa0eb50000 - 0x00007ffa0f2e1000 	C:\WINDOWS\SYSTEM32\windows.storage.dll
0x00007ffa127a0000 - 0x00007ffa12af5000 	C:\WINDOWS\System32\combase.dll
0x00007ffa10500000 - 0x00007ffa1052c000 	C:\WINDOWS\SYSTEM32\Wldp.dll
0x00007ffa114a0000 - 0x00007ffa1154e000 	C:\WINDOWS\System32\SHCORE.dll
0x00007ffa12740000 - 0x00007ffa12795000 	C:\WINDOWS\System32\shlwapi.dll
0x00007ffa10ab0000 - 0x00007ffa10acf000 	C:\WINDOWS\SYSTEM32\profapi.dll
0x00007ffa09410000 - 0x00007ffa0941c000 	C:\dev\sts-4.11.0.RELEASE\plugins\org.eclipse.justj.openjdk.hotspot.jre.full.win32.x86_64_16.0.1.v20210528-1205\jre\bin\dt_socket.dll
0x00007ffa0ffa0000 - 0x00007ffa0ffdb000 	C:\WINDOWS\SYSTEM32\IPHLPAPI.DLL
0x00007ffa102e0000 - 0x00007ffa1034a000 	C:\WINDOWS\system32\mswsock.dll
0x00007ffa0ffe0000 - 0x00007ffa100ac000 	C:\WINDOWS\SYSTEM32\DNSAPI.dll
0x00007ffa11b70000 - 0x00007ffa11b78000 	C:\WINDOWS\System32\NSI.dll
0x00007ff9f8680000 - 0x00007ff9f868a000 	C:\Windows\System32\rasadhlp.dll
0x00007ffa01f00000 - 0x00007ffa01f7f000 	C:\WINDOWS\System32\fwpuclnt.dll
0x00007ffa11260000 - 0x00007ffa11287000 	C:\WINDOWS\System32\bcrypt.dll
0x00007ff9ede40000 - 0x00007ff9ede59000 	C:\dev\sts-4.11.0.RELEASE\plugins\org.eclipse.justj.openjdk.hotspot.jre.full.win32.x86_64_16.0.1.v20210528-1205\jre\bin\net.dll
0x00007ffa0fbb0000 - 0x00007ffa0fcba000 	C:\WINDOWS\SYSTEM32\WINHTTP.dll
0x00007ff9eda20000 - 0x00007ff9eda33000 	C:\dev\sts-4.11.0.RELEASE\plugins\org.eclipse.justj.openjdk.hotspot.jre.full.win32.x86_64_16.0.1.v20210528-1205\jre\bin\nio.dll
0x00007ffa06f60000 - 0x00007ffa06f70000 	C:\dev\sts-4.11.0.RELEASE\plugins\org.eclipse.justj.openjdk.hotspot.jre.full.win32.x86_64_16.0.1.v20210528-1205\jre\bin\verify.dll

dbghelp: loaded successfully - version: 4.0.5 - missing functions: none
symbol engine: initialized successfully - sym options: 0x614 - pdb path: .;C:\dev\sts-4.11.0.RELEASE\plugins\org.eclipse.justj.openjdk.hotspot.jre.full.win32.x86_64_16.0.1.v20210528-1205\jre\bin;C:\WINDOWS\SYSTEM32;C:\WINDOWS\WinSxS\amd64_microsoft.windows.common-controls_6595b64144ccf1df_6.0.19041.1110_none_60b5254171f9507e;C:\dev\sts-4.11.0.RELEASE\plugins\org.eclipse.justj.openjdk.hotspot.jre.full.win32.x86_64_16.0.1.v20210528-1205\jre\bin\server

VM Arguments:
jvm_args: -XX:+ShowCodeDetailsInExceptionMessages -agentlib:jdwp=transport=dt_socket,suspend=y,address=localhost:50223 -javaagent:C:\dev\sts-4.11.0.RELEASE\configuration\org.eclipse.osgi\258\0\.cp\lib\javaagent-shaded.jar -Dfile.encoding=UTF-8 
java_command: com.ibm.library.service.testing
java_class_path (initial): C:\projects\library-project\libary (1)\libary\target\classes;C:\Users\6J3399897\.m2\repository\org\springframework\boot\spring-boot-starter-actuator\2.2.6.RELEASE\spring-boot-starter-actuator-2.2.6.RELEASE.jar;C:\Users\6J3399897\.m2\repository\org\springframework\boot\spring-boot-starter\2.2.6.RELEASE\spring-boot-starter-2.2.6.RELEASE.jar;C:\Users\6J3399897\.m2\repository\org\springframework\boot\spring-boot-starter-logging\2.2.6.RELEASE\spring-boot-starter-logging-2.2.6.RELEASE.jar;C:\Users\6J3399897\.m2\repository\ch\qos\logback\logback-classic\1.2.3\logback-classic-1.2.3.jar;C:\Users\6J3399897\.m2\repository\ch\qos\logback\logback-core\1.2.3\logback-core-1.2.3.jar;C:\Users\6J3399897\.m2\repository\org\apache\logging\log4j\log4j-to-slf4j\2.12.1\log4j-to-slf4j-2.12.1.jar;C:\Users\6J3399897\.m2\repository\org\apache\logging\log4j\log4j-api\2.12.1\log4j-api-2.12.1.jar;C:\Users\6J3399897\.m2\repository\org\slf4j\jul-to-slf4j\1.7.30\jul-to-slf4j-1.7.30.jar;C:\Users\6J3399897\.m2\repository\jakarta\annotation\jakarta.annotation-api\1.3.5\jakarta.annotation-api-1.3.5.jar;C:\Users\6J3399897\.m2\repository\org\yaml\snakeyaml\1.25\snakeyaml-1.25.jar;C:\Users\6J3399897\.m2\repository\org\springframework\boot\spring-boot-actuator-autoconfigure\2.2.6.RELEASE\spring-boot-actuator-autoconfigure-2.2.6.RELEASE.jar;C:\Users\6J3399897\.m2\repository\org\springframework\boot\spring-boot-actuator\2.2.6.RELEASE\spring-boot-actuator-2.2.6.RELEASE.jar;C:\Users\6J3399897\.m2\repository\com\fasterxml\jackson\core\jackson-databind\2.10.3\jackson-databind-2.10.3.jar;C:\Users\6J3399897\.m2\repository\com\fasterxml\jackson\core\jackson-annotations\2.10.3\jackson-annotations-2.10.3.jar;C:\Users\6J3399897\.m2\repository\com\fasterxml\jackson\core\jackson-core\2.10.3\jackson-core-2.10.3.jar;C:\Users\6J3399897\.m2\repository\org\springframework\spring-context\5.2.5.RELEASE\spring-context-5.2.5.RELEASE.jar;C:\Users\6J3399897\.m2\repository\com\fasterxml\jackson\datatype
Launcher Type: SUN_STANDARD

[Global flags]
     intx CICompilerCount                          = 4                                         {product} {ergonomic}
     uint ConcGCThreads                            = 2                                         {product} {ergonomic}
     uint G1ConcRefinementThreads                  = 8                                         {product} {ergonomic}
   size_t G1HeapRegionSize                         = 4194304                                   {product} {ergonomic}
    uintx GCDrainStackTargetSize                   = 64                                        {product} {ergonomic}
   size_t InitialHeapSize                          = 536870912                                 {product} {ergonomic}
   size_t MarkStackSize                            = 4194304                                   {product} {ergonomic}
   size_t MaxHeapSize                              = 8527020032                                {product} {ergonomic}
   size_t MaxNewSize                               = 5112856576                                {product} {ergonomic}
   size_t MinHeapDeltaBytes                        = 4194304                                   {product} {ergonomic}
   size_t MinHeapSize                              = 8388608                                   {product} {ergonomic}
    uintx NonNMethodCodeHeapSize                   = 5839372                                {pd product} {ergonomic}
    uintx NonProfiledCodeHeapSize                  = 122909434                              {pd product} {ergonomic}
    uintx ProfiledCodeHeapSize                     = 122909434                              {pd product} {ergonomic}
    uintx ReservedCodeCacheSize                    = 251658240                              {pd product} {ergonomic}
     bool SegmentedCodeCache                       = true                                      {product} {ergonomic}
     bool ShowCodeDetailsInExceptionMessages       = true                                   {manageable} {command line}
   size_t SoftMaxHeapSize                          = 8527020032                             {manageable} {ergonomic}
     bool UseCompressedClassPointers               = true                           {product lp64_product} {ergonomic}
     bool UseCompressedOops                        = true                           {product lp64_product} {ergonomic}
     bool UseG1GC                                  = true                                      {product} {ergonomic}
     bool UseLargePagesIndividualAllocation        = false                                  {pd product} {ergonomic}

Logging:
Log output configuration:
 #0: stdout all=warning uptime,level,tags
 #1: stderr all=off uptime,level,tags

Environment Variables:
JAVA_HOME=C:\dev\java\jdk-16.0.1
PATH=C:\dev\sts-4.11.0.RELEASE\plugins\org.eclipse.justj.openjdk.hotspot.jre.full.win32.x86_64_16.0.1.v20210528-1205\jre\bin;C:/dev/sts-4.11.0.RELEASE//plugins/org.eclipse.justj.openjdk.hotspot.jre.full.win32.x86_64_16.0.1.v20210528-1205/jre/bin/server;C:/dev/sts-4.11.0.RELEASE//plugins/org.eclipse.justj.openjdk.hotspot.jre.full.win32.x86_64_16.0.1.v20210528-1205/jre/bin;C:\Program Files\Common Files\Oracle\Java\javapath;C:\dev\apache-maven-3.8.1\bin;C:\dev\java\jdk-16.0.1\bin;C:\Program Files\Docker\Docker\resources\bin;C:\ProgramData\DockerDesktop\version-bin;C:\Program Files\nodejs;C:\Program Files\Docker\Docker;C:\Users\6J3399897\AppData\Local\Microsoft\WindowsApps;C:\Users\6J3399897\AppData\Local\Programs\Microsoft VS Code\bin;C:\Users\6J3399897\AppData\Local\GitHubDesktop\bin;C:\Users\6J3399897\AppData\Roaming\npm;C:\Program Files\heroku\bin;C:\Program Files\Java\jdk-16.0.1\bin;C:\dev\apache-maven-3.8.1\bin;C:\Program Files\IBM\Cloud\bin;C:\dev\sts-4.11.0.RELEASE;
USERNAME=6J3399897
OS=Windows_NT
PROCESSOR_IDENTIFIER=Intel64 Family 6 Model 142 Stepping 12, GenuineIntel



---------------  S Y S T E M  ---------------

OS:
 Windows 10 , 64 bit Build 19041 (10.0.19041.1023)
OS uptime: 1 days 17:23 hours
Hyper-V role detected

CPU: total 8 (initial active 8) (4 cores per cpu, 2 threads per core) family 6 model 142 stepping 12 microcode 0xd6, cx8, cmov, fxsr, ht, mmx, 3dnowpref, sse, sse2, sse3, ssse3, sse4.1, sse4.2, popcnt, lzcnt, tsc, tscinvbit, avx, avx2, aes, erms, clmul, bmi1, bmi2, adx, fma, vzeroupper, clflush, clflushopt, hv

Memory: 4k page, system-wide physical 32515M (17051M free)
TotalPageFile size 37379M (AvailPageFile size 16498M)
current process WorkingSet (physical memory assigned to process): 37M, peak: 55M
current process commit charge ("private bytes"): 613M, peak: 615M

vm_info: OpenJDK 64-Bit Server VM (16.0.1+9-24) for windows-amd64 JRE (16.0.1+9-24), built on Mar 26 2021 19:30:07 by "mach5one" with MS VC++ 16.7 (VS2019)

END.
